[icc2-lic Sun Apr  5 16:17:33 2026] Command 'report_timing' requires licenses
[icc2-lic Sun Apr  5 16:17:33 2026] Attempting to check-out alternate set of keys directly with queueing
[icc2-lic Sun Apr  5 16:17:33 2026] Sending count request for 'ICCompilerII-8' 
[icc2-lic Sun Apr  5 16:17:33 2026] Count request for 'ICCompilerII-8' returned 1 
[icc2-lic Sun Apr  5 16:17:33 2026] Sending check-out request for 'ICCompilerII-8' (1) with wait option
[icc2-lic Sun Apr  5 16:17:33 2026] Check-out request for 'ICCompilerII-8' with wait option succeeded
[icc2-lic Sun Apr  5 16:17:33 2026] Sending checkout check request for 'ICCompilerII-8' 
[icc2-lic Sun Apr  5 16:17:33 2026] Checkout check request for 'ICCompilerII-8' returned 0 
[icc2-lic Sun Apr  5 16:17:33 2026] Sending count request for 'ICCompilerII-8' 
[icc2-lic Sun Apr  5 16:17:33 2026] Count request for 'ICCompilerII-8' returned 1 
[icc2-lic Sun Apr  5 16:17:33 2026] Sending count request for 'ICCompilerII-NX' 
[icc2-lic Sun Apr  5 16:17:33 2026] Count request for 'ICCompilerII-NX' returned 1 
[icc2-lic Sun Apr  5 16:17:33 2026] Sending check-out request for 'ICCompilerII-NX' (1) with wait option
[icc2-lic Sun Apr  5 16:17:33 2026] Check-out request for 'ICCompilerII-NX' with wait option succeeded
[icc2-lic Sun Apr  5 16:17:33 2026] Sending checkout check request for 'ICCompilerII-NX' 
[icc2-lic Sun Apr  5 16:17:33 2026] Checkout check request for 'ICCompilerII-NX' returned 0 
[icc2-lic Sun Apr  5 16:17:33 2026] Sending count request for 'ICCompilerII-NX' 
[icc2-lic Sun Apr  5 16:17:33 2026] Count request for 'ICCompilerII-NX' returned 1 
[icc2-lic Sun Apr  5 16:17:33 2026] Check-out of alternate set of keys directly with queueing was successful
****************************************
Report : timing
        -path_type full
        -delay_type min
        -max_paths 10
        -report_by design
Design : log2_seq
Version: W-2024.09
Date   : Sun Apr  5 16:17:33 2026
****************************************

  Startpoint: X[4] (input port clocked by clk)
  Endpoint: Y_reg[2] (rising edge-triggered flip-flop clocked by clk)
  Mode: func
  Corner: nom
  Scenario: func::nom
  Path Group: **in2reg_default**
  Path Type: min

  Point                                            Incr      Path  
  ------------------------------------------------------------------------
  clock clk (rise edge)                            0.00      0.00
  clock network delay (propagated)                 0.00      0.00
  input external delay                             2.00      2.00 f
  X[4] (in)                                        0.00      2.00 f
  ctmTdsLR_1_0/Y (NOR2X0_RVT)                      0.04      2.04 r
  Y_reg[2]/SETB (DFFSSRX1_RVT)                     0.00      2.04 r
  data arrival time                                          2.04

  clock clk (rise edge)                            0.00      0.00
  clock network delay (propagated)                 0.00      0.00
  Y_reg[2]/CLK (DFFSSRX1_RVT)                      0.00      0.00 r
  clock uncertainty                                0.20      0.20
  library hold time                                0.02      0.22
  data required time                                         0.22
  ------------------------------------------------------------------------
  data required time                                         0.22
  data arrival time                                         -2.04
  ------------------------------------------------------------------------
  slack (MET)                                                1.82



  Startpoint: X[7] (input port clocked by clk)
  Endpoint: Y_reg[0] (rising edge-triggered flip-flop clocked by clk)
  Mode: func
  Corner: nom
  Scenario: func::nom
  Path Group: **in2reg_default**
  Path Type: min

  Point                                            Incr      Path  
  ------------------------------------------------------------------------
  clock clk (rise edge)                            0.00      0.00
  clock network delay (propagated)                 0.00      0.00
  input external delay                             2.00      2.00 f
  X[7] (in)                                        0.00      2.00 f
  U20/Y (AO221X1_RVT)                              0.02      2.02 f
  Y_reg[0]/D (DFFX1_RVT)                           0.00      2.02 f
  data arrival time                                          2.02

  clock clk (rise edge)                            0.00      0.00
  clock network delay (propagated)                 0.00      0.00
  Y_reg[0]/CLK (DFFX1_RVT)                         0.00      0.00 r
  clock uncertainty                                0.20      0.20
  library hold time                               -0.01      0.19
  data required time                                         0.19
  ------------------------------------------------------------------------
  data required time                                         0.19
  data arrival time                                         -2.02
  ------------------------------------------------------------------------
  slack (MET)                                                1.83



  Startpoint: X[2] (input port clocked by clk)
  Endpoint: Y_reg[1] (rising edge-triggered flip-flop clocked by clk)
  Mode: func
  Corner: nom
  Scenario: func::nom
  Path Group: **in2reg_default**
  Path Type: min

  Point                                            Incr      Path  
  ------------------------------------------------------------------------
  clock clk (rise edge)                            0.00      0.00
  clock network delay (propagated)                 0.00      0.00
  input external delay                             2.00      2.00 f
  X[2] (in)                                        0.00      2.00 f
  U22/Y (AO221X1_RVT)                              0.04      2.04 f
  Y_reg[1]/D (DFFX1_RVT)                           0.00      2.04 f
  data arrival time                                          2.04

  clock clk (rise edge)                            0.00      0.00
  clock network delay (propagated)                 0.00      0.00
  Y_reg[1]/CLK (DFFX1_RVT)                         0.00      0.00 r
  clock uncertainty                                0.20      0.20
  library hold time                               -0.01      0.19
  data required time                                         0.19
  ------------------------------------------------------------------------
  data required time                                         0.19
  data arrival time                                         -2.04
  ------------------------------------------------------------------------
  slack (MET)                                                1.84



  Startpoint: X[7] (input port clocked by clk)
  Endpoint: Y_reg[2] (rising edge-triggered flip-flop clocked by clk)
  Mode: func
  Corner: nom
  Scenario: func::nom
  Path Group: **in2reg_default**
  Path Type: min

  Point                                            Incr      Path  
  ------------------------------------------------------------------------
  clock clk (rise edge)                            0.00      0.00
  clock network delay (propagated)                 0.00      0.00
  input external delay                             2.00      2.00 f
  X[7] (in)                                        0.00      2.00 f
  ctmTdsLR_2_350/Y (INVX1_RVT)                     0.01      2.01 r
  ctmTdsLR_1_349/Y (NAND2X0_RVT)                   0.02      2.03 f
  Y_reg[2]/D (DFFSSRX1_RVT)                        0.00      2.03 f
  data arrival time                                          2.03

  clock clk (rise edge)                            0.00      0.00
  clock network delay (propagated)                 0.00      0.00
  Y_reg[2]/CLK (DFFSSRX1_RVT)                      0.00      0.00 r
  clock uncertainty                                0.20      0.20
  library hold time                               -0.01      0.19
  data required time                                         0.19
  ------------------------------------------------------------------------
  data required time                                         0.19
  data arrival time                                         -2.03
  ------------------------------------------------------------------------
  slack (MET)                                                1.84



  Startpoint: Y_reg[1] (rising edge-triggered flip-flop clocked by clk)
  Endpoint: Y[1] (output port clocked by clk)
  Mode: func
  Corner: nom
  Scenario: func::nom
  Path Group: **reg2out_default**
  Path Type: min

  Point                                            Incr      Path  
  ------------------------------------------------------------------------
  clock clk (rise edge)                            0.00      0.00
  clock network delay (propagated)                 0.00      0.00

  Y_reg[1]/CLK (DFFX1_RVT)                         0.00      0.00 r
  Y_reg[1]/Q (DFFX1_RVT)                           0.07      0.07 r
  Y[1] (out)                                       0.00      0.07 r
  data arrival time                                          0.07

  clock clk (rise edge)                            0.00      0.00
  clock network delay (propagated)                 0.00      0.00
  clock uncertainty                                0.20      0.20
  output external delay                           -2.00     -1.80
  data required time                                        -1.80
  ------------------------------------------------------------------------
  data required time                                        -1.80
  data arrival time                                         -0.07
  ------------------------------------------------------------------------
  slack (MET)                                                1.87



  Startpoint: Y_reg[2] (rising edge-triggered flip-flop clocked by clk)
  Endpoint: Y[2] (output port clocked by clk)
  Mode: func
  Corner: nom
  Scenario: func::nom
  Path Group: **reg2out_default**
  Path Type: min

  Point                                            Incr      Path  
  ------------------------------------------------------------------------
  clock clk (rise edge)                            0.00      0.00
  clock network delay (propagated)                 0.00      0.00

  Y_reg[2]/CLK (DFFSSRX1_RVT)                      0.00      0.00 r
  Y_reg[2]/Q (DFFSSRX1_RVT)                        0.07      0.07 r
  Y[2] (out)                                       0.00      0.07 r
  data arrival time                                          0.07

  clock clk (rise edge)                            0.00      0.00
  clock network delay (propagated)                 0.00      0.00
  clock uncertainty                                0.20      0.20
  output external delay                           -2.00     -1.80
  data required time                                        -1.80
  ------------------------------------------------------------------------
  data required time                                        -1.80
  data arrival time                                         -0.07
  ------------------------------------------------------------------------
  slack (MET)                                                1.87



  Startpoint: Y_reg[0] (rising edge-triggered flip-flop clocked by clk)
  Endpoint: Y[0] (output port clocked by clk)
  Mode: func
  Corner: nom
  Scenario: func::nom
  Path Group: **reg2out_default**
  Path Type: min

  Point                                            Incr      Path  
  ------------------------------------------------------------------------
  clock clk (rise edge)                            0.00      0.00
  clock network delay (propagated)                 0.00      0.00

  Y_reg[0]/CLK (DFFX1_RVT)                         0.00      0.00 r
  Y_reg[0]/Q (DFFX1_RVT)                           0.07      0.07 r
  Y[0] (out)                                       0.00      0.07 r
  data arrival time                                          0.07

  clock clk (rise edge)                            0.00      0.00
  clock network delay (propagated)                 0.00      0.00
  clock uncertainty                                0.20      0.20
  output external delay                           -2.00     -1.80
  data required time                                        -1.80
  ------------------------------------------------------------------------
  data required time                                        -1.80
  data arrival time                                         -0.07
  ------------------------------------------------------------------------
  slack (MET)                                                1.87


1
