 
****************************************
Report : area
Design : log2_seq
Version: W-2024.09
Date   : Sun Apr  5 15:39:35 2026
****************************************

Library(s) Used:

    saed32rvt_ss0p7vn40c (File: /home/student/Music/RTL2GDSII/Workshop/ref/lib/stdcell_rvt/saed32rvt_ss0p7vn40c.db)

Number of ports:                           12
Number of nets:                            21
Number of cells:                           13
Number of combinational cells:              9
Number of sequential cells:                 3
Number of macros/black boxes:               0
Number of buf/inv:                          4
Number of references:                       7

Combinational area:                 18.298368
Buf/Inv area:                        5.082880
Noncombinational area:              20.331521
Macro/Black Box area:                0.000000
Net Interconnect area:               3.002501

Total cell area:                    38.629889
Total area:                         41.632390

Hierarchical area distribution
------------------------------

                                  Global cell area          Local cell area
                                  ------------------  --------------------------- 
Hierarchical cell                 Absolute   Percent  Combi-    Noncombi-  Black-
                                  Total      Total    national  national   boxes   Design
--------------------------------  ---------  -------  --------  ---------  ------  ---------
log2_seq                            38.6299    100.0   18.2984    20.3315  0.0000  log2_seq
--------------------------------  ---------  -------  --------  ---------  ------  ---------
Total                                                  18.2984    20.3315  0.0000

1
