 
****************************************
Report : net
Design : log2_seq
Version: W-2024.09
Date   : Sun Apr  5 15:39:35 2026
****************************************


Operating Conditions: ss0p7vn40c   Library: saed32rvt_ss0p7vn40c
Wire Load Model Mode: enclosed

Design        Wire Load Model            Library
------------------------------------------------
log2_seq               ForQA             saed32rvt_ss0p7vn40c


Attributes:
   dr - drc disabled

Net
 Fanout    Fanin     Load      LoadUR    LoadUF    LoadLR    LoadLF    Resist    Pins      Attr
-----------------------------------------------------------------------------------------------
X[1]
      1         1        0.62      0.69      0.64      0.61      0.61      0.02       2    
X[2]
      2         1        1.39      1.60      1.48      1.32      1.30      0.04       3    
X[3]
      3         1        2.03      2.22      2.10      1.97      1.96      0.07       4    
X[4]
      2         1        1.45      1.77      1.57      1.34      1.30      0.04       3    
X[5]
      2         1        1.41      1.54      1.46      1.37      1.35      0.04       3    
X[6]
      2         1        1.56      1.96      1.71      1.42      1.37      0.04       3    
X[7]
      2         1        1.39      1.57      1.48      1.32      1.31      0.04       3    
Y[0]
      1         1        0.24      0.24      0.24      0.24      0.24      0.02       2    
Y[1]
      1         1        0.24      0.24      0.24      0.24      0.24      0.02       2    
Y[2]
      1         1        0.24      0.24      0.24      0.24      0.24      0.02       2    
Y_comb[0]
      1         1        0.65      0.77      0.68      0.60      0.60      0.02       2    
Y_comb[1]
      1         1        0.65      0.77      0.68      0.60      0.60      0.02       2    
clk
      3         1        2.39      2.79      2.52      2.24      2.22      0.07       4    dr
n8
      1         1        0.78      1.00      0.87      0.70      0.68      0.02       2    
n9
      1         1        0.60      0.74      0.63      0.57      0.57      0.02       2    
n10
      1         1        0.62      0.69      0.65      0.60      0.60      0.02       2    
n11
      1         1        0.66      0.72      0.70      0.64      0.63      0.02       2    
n12
      2         1        1.32      1.46      1.38      1.27      1.26      0.04       3    
n13
      1         1        0.65      0.70      0.66      0.63      0.61      0.00       2    dr
n14
      3         1        2.05      2.31      2.14      1.96      1.94      0.07       4    
n15
      2         1        1.33      1.59      1.35      1.27      1.18      0.04       3    
-----------------------------------------------------------------------------------------------
Total 21 nets
     34        21       22.27     25.65     23.43     21.17     20.81      0.68      55
Maximum
      3         1        2.39      2.79      2.52      2.24      2.22      0.07       4
Average
   1.62      1.00        1.06      1.22      1.12      1.01      0.99      0.03    2.62
1
