 
****************************************
Report : power
        -hier
        -analysis_effort low
Design : log2_seq
Version: W-2024.09
Date   : Sun Apr  5 15:39:35 2026
****************************************


Library(s) Used:

    saed32rvt_ss0p7vn40c (File: /home/student/Music/RTL2GDSII/Workshop/ref/lib/stdcell_rvt/saed32rvt_ss0p7vn40c.db)


Operating Conditions: ss0p7vn40c   Library: saed32rvt_ss0p7vn40c
Wire Load Model Mode: enclosed

Design        Wire Load Model            Library
------------------------------------------------
log2_seq               ForQA             saed32rvt_ss0p7vn40c


Global Operating Voltage = 0.7  
Power-specific unit information :
    Voltage Units = 1V
    Capacitance Units = 1.000000ff
    Time Units = 1ns
    Dynamic Power Units = 1uW    (derived from V,C,T units)
    Leakage Power Units = 1pW


--------------------------------------------------------------------------------
                                       Switch   Int      Leak     Total
Hierarchy                              Power    Power    Power    Power    %
--------------------------------------------------------------------------------
log2_seq                               2.67e-02    0.899 1.27e+05    1.053 100.0
1
