Information: Updating design information... (UID-85)
 
****************************************
Report : timing
        -path full
        -delay max
        -max_paths 10
Design : log2_seq
Version: W-2024.09
Date   : Sun Apr  5 15:39:35 2026
****************************************

Operating Conditions: ss0p7vn40c   Library: saed32rvt_ss0p7vn40c
Wire Load Model Mode: enclosed

  Startpoint: X[3] (input port clocked by clk)
  Endpoint: Y_reg[0] (rising edge-triggered flip-flop clocked by clk)
  Path Group: clk
  Path Type: max

  Des/Clust/Port     Wire Load Model       Library
  ------------------------------------------------
  log2_seq           ForQA                 saed32rvt_ss0p7vn40c

  Point                                    Incr       Path
  -----------------------------------------------------------
  clock clk (rise edge)                    0.00       0.00
  clock network delay (ideal)              0.00       0.00
  input external delay                     2.00       2.00 f
  X[3] (in)                                0.00       2.00 f
  U19/Y (OA221X1_RVT)                      0.67       2.67 f
  U20/Y (AO221X1_RVT)                      0.73       3.40 f
  Y_reg[0]/D (DFFX1_RVT)                   0.00       3.40 f
  data arrival time                                   3.40

  clock clk (rise edge)                   10.00      10.00
  clock network delay (ideal)              0.00      10.00
  clock uncertainty                       -0.20       9.80
  Y_reg[0]/CLK (DFFX1_RVT)                 0.00       9.80 r
  library setup time                      -0.53       9.27
  data required time                                  9.27
  -----------------------------------------------------------
  data required time                                  9.27
  data arrival time                                  -3.40
  -----------------------------------------------------------
  slack (MET)                                         5.86


  Startpoint: X[5] (input port clocked by clk)
  Endpoint: Y_reg[2] (rising edge-triggered flip-flop clocked by clk)
  Path Group: clk
  Path Type: max

  Des/Clust/Port     Wire Load Model       Library
  ------------------------------------------------
  log2_seq           ForQA                 saed32rvt_ss0p7vn40c

  Point                                    Incr       Path
  -----------------------------------------------------------
  clock clk (rise edge)                    0.00       0.00
  clock network delay (ideal)              0.00       0.00
  input external delay                     2.00       2.00 f
  X[5] (in)                                0.00       2.00 f
  U16/Y (OR2X1_RVT)                        0.29       2.29 f
  U17/Y (INVX1_RVT)                        0.17       2.45 r
  Y_reg[2]/SETB (DFFSSRX1_RVT)             0.00       2.45 r
  data arrival time                                   2.45

  clock clk (rise edge)                   10.00      10.00
  clock network delay (ideal)              0.00      10.00
  clock uncertainty                       -0.20       9.80
  Y_reg[2]/CLK (DFFSSRX1_RVT)              0.00       9.80 r
  library setup time                      -1.15       8.65
  data required time                                  8.65
  -----------------------------------------------------------
  data required time                                  8.65
  data arrival time                                  -2.45
  -----------------------------------------------------------
  slack (MET)                                         6.20


  Startpoint: X[5] (input port clocked by clk)
  Endpoint: Y_reg[1] (rising edge-triggered flip-flop clocked by clk)
  Path Group: clk
  Path Type: max

  Des/Clust/Port     Wire Load Model       Library
  ------------------------------------------------
  log2_seq           ForQA                 saed32rvt_ss0p7vn40c

  Point                                    Incr       Path
  -----------------------------------------------------------
  clock clk (rise edge)                    0.00       0.00
  clock network delay (ideal)              0.00       0.00
  input external delay                     2.00       2.00 r
  X[5] (in)                                0.00       2.00 r
  U16/Y (OR2X1_RVT)                        0.14       2.14 r
  U17/Y (INVX1_RVT)                        0.11       2.25 f
  U22/Y (AO221X1_RVT)                      0.72       2.97 f
  Y_reg[1]/D (DFFX1_RVT)                   0.00       2.97 f
  data arrival time                                   2.97

  clock clk (rise edge)                   10.00      10.00
  clock network delay (ideal)              0.00      10.00
  clock uncertainty                       -0.20       9.80
  Y_reg[1]/CLK (DFFX1_RVT)                 0.00       9.80 r
  library setup time                      -0.53       9.27
  data required time                                  9.27
  -----------------------------------------------------------
  data required time                                  9.27
  data arrival time                                  -2.97
  -----------------------------------------------------------
  slack (MET)                                         6.29


  Startpoint: X[7] (input port clocked by clk)
  Endpoint: Y_reg[2] (rising edge-triggered flip-flop clocked by clk)
  Path Group: clk
  Path Type: max

  Des/Clust/Port     Wire Load Model       Library
  ------------------------------------------------
  log2_seq           ForQA                 saed32rvt_ss0p7vn40c

  Point                                    Incr       Path
  -----------------------------------------------------------
  clock clk (rise edge)                    0.00       0.00
  clock network delay (ideal)              0.00       0.00
  input external delay                     2.00       2.00 f
  X[7] (in)                                0.00       2.00 f
  U21/Y (OR2X1_RVT)                        0.30       2.30 f
  Y_reg[2]/D (DFFSSRX1_RVT)                0.00       2.30 f
  data arrival time                                   2.30

  clock clk (rise edge)                   10.00      10.00
  clock network delay (ideal)              0.00      10.00
  clock uncertainty                       -0.20       9.80
  Y_reg[2]/CLK (DFFSSRX1_RVT)              0.00       9.80 r
  library setup time                      -1.01       8.79
  data required time                                  8.79
  -----------------------------------------------------------
  data required time                                  8.79
  data arrival time                                  -2.30
  -----------------------------------------------------------
  slack (MET)                                         6.49


  Startpoint: Y_reg[2] (rising edge-triggered flip-flop clocked by clk)
  Endpoint: Y[2] (output port clocked by clk)
  Path Group: clk
  Path Type: max

  Des/Clust/Port     Wire Load Model       Library
  ------------------------------------------------
  log2_seq           ForQA                 saed32rvt_ss0p7vn40c

  Point                                    Incr       Path
  -----------------------------------------------------------
  clock clk (rise edge)                    0.00       0.00
  clock network delay (ideal)              0.00       0.00
  Y_reg[2]/CLK (DFFSSRX1_RVT)              0.00       0.00 r
  Y_reg[2]/Q (DFFSSRX1_RVT)                0.93       0.93 r
  Y[2] (out)                               0.00       0.93 r
  data arrival time                                   0.93

  clock clk (rise edge)                   10.00      10.00
  clock network delay (ideal)              0.00      10.00
  clock uncertainty                       -0.20       9.80
  output external delay                   -2.00       7.80
  data required time                                  7.80
  -----------------------------------------------------------
  data required time                                  7.80
  data arrival time                                  -0.93
  -----------------------------------------------------------
  slack (MET)                                         6.87


  Startpoint: Y_reg[1] (rising edge-triggered flip-flop clocked by clk)
  Endpoint: Y[1] (output port clocked by clk)
  Path Group: clk
  Path Type: max

  Des/Clust/Port     Wire Load Model       Library
  ------------------------------------------------
  log2_seq           ForQA                 saed32rvt_ss0p7vn40c

  Point                                    Incr       Path
  -----------------------------------------------------------
  clock clk (rise edge)                    0.00       0.00
  clock network delay (ideal)              0.00       0.00
  Y_reg[1]/CLK (DFFX1_RVT)                 0.00       0.00 r
  Y_reg[1]/Q (DFFX1_RVT)                   0.75       0.75 r
  Y[1] (out)                               0.00       0.75 r
  data arrival time                                   0.75

  clock clk (rise edge)                   10.00      10.00
  clock network delay (ideal)              0.00      10.00
  clock uncertainty                       -0.20       9.80
  output external delay                   -2.00       7.80
  data required time                                  7.80
  -----------------------------------------------------------
  data required time                                  7.80
  data arrival time                                  -0.75
  -----------------------------------------------------------
  slack (MET)                                         7.05


  Startpoint: Y_reg[0] (rising edge-triggered flip-flop clocked by clk)
  Endpoint: Y[0] (output port clocked by clk)
  Path Group: clk
  Path Type: max

  Des/Clust/Port     Wire Load Model       Library
  ------------------------------------------------
  log2_seq           ForQA                 saed32rvt_ss0p7vn40c

  Point                                    Incr       Path
  -----------------------------------------------------------
  clock clk (rise edge)                    0.00       0.00
  clock network delay (ideal)              0.00       0.00
  Y_reg[0]/CLK (DFFX1_RVT)                 0.00       0.00 r
  Y_reg[0]/Q (DFFX1_RVT)                   0.75       0.75 r
  Y[0] (out)                               0.00       0.75 r
  data arrival time                                   0.75

  clock clk (rise edge)                   10.00      10.00
  clock network delay (ideal)              0.00      10.00
  clock uncertainty                       -0.20       9.80
  output external delay                   -2.00       7.80
  data required time                                  7.80
  -----------------------------------------------------------
  data required time                                  7.80
  data arrival time                                  -0.75
  -----------------------------------------------------------
  slack (MET)                                         7.05


1
